<?xml version="1.0" encoding="UTF-8"?>
<!-- Generated by org.testng.reporters.JUnitReportReporter -->
<testsuite hostname="DESKTOP-QBJ5JUT" name="qaclickacademy.CTSTimesheet" tests="1" failures="0" timestamp="18 Jan 2018 23:50:56 GMT" time="15.632" errors="0">
  <testcase name="login" time="15.632" classname="qaclickacademy.CTSTimesheet"/>
</testsuite> <!-- qaclickacademy.CTSTimesheet -->
